<?xml version="1.0" encoding="UTF-8"?>
<testng-results ignored="0" total="1" passed="1" failed="0" skipped="0">
  <reporter-output>
  </reporter-output>
  <suite started-at="2022-03-30T12:38:09Z" name="Default suite" finished-at="2022-03-30T12:38:39Z" duration-ms="29967">
    <groups>
    </groups>
    <test started-at="2022-03-30T12:38:09Z" name="Default test" finished-at="2022-03-30T12:38:39Z" duration-ms="29967">
      <class name="tests.basic.PageObjectCode">
        <test-method is-config="true" signature="init()[pri:0, instance:tests.basic.PageObjectCode@194fad1]" started-at="2022-03-30T12:38:09Z" name="init" finished-at="2022-03-30T12:38:12Z" duration-ms="2310" status="PASS">
          <reporter-output>
          </reporter-output>
        </test-method> <!-- init -->
        <test-method signature="test()[pri:0, instance:tests.basic.PageObjectCode@194fad1]" started-at="2022-03-30T12:38:12Z" name="test" finished-at="2022-03-30T12:38:39Z" duration-ms="26995" status="PASS">
          <reporter-output>
          </reporter-output>
        </test-method> <!-- test -->
        <test-method is-config="true" signature="tearDown()[pri:0, instance:tests.basic.PageObjectCode@194fad1]" started-at="2022-03-30T12:38:39Z" name="tearDown" finished-at="2022-03-30T12:38:39Z" duration-ms="645" status="PASS">
          <reporter-output>
          </reporter-output>
        </test-method> <!-- tearDown -->
      </class> <!-- tests.basic.PageObjectCode -->
    </test> <!-- Default test -->
  </suite> <!-- Default suite -->
</testng-results>
